2025-07-22 22:28:54 [INFO] GripperHighLevelOptimized:connect:182 - 正在連接Modbus TCP服務器: 127.0.0.1:502
2025-07-22 22:28:54 [INFO] GripperHighLevelOptimized:connect:192 - PGC夾爪Modbus連接成功
2025-07-22 22:28:54 [INFO] GripperHighLevelOptimized:initialize:469 - 開始初始化PGC夾爪
2025-07-22 22:32:13 [INFO] GripperHighLevelOptimized:quick_close:323 - PGC快速關閉: 300
2025-07-22 22:32:13 [INFO] GripperHighLevelOptimized:_log_gripper_status:313 - 快速關閉成功
2025-07-22 22:32:18 [INFO] GripperHighLevelOptimized:smart_release:339 - PGC智能釋放到位置: 265
2025-07-22 22:32:18 [INFO] GripperHighLevelOptimized:_log_gripper_status:313 - 智能釋放成功
2025-07-22 22:32:24 [INFO] GripperHighLevelOptimized:quick_close:323 - PGC快速關閉: 300
2025-07-22 22:32:24 [INFO] GripperHighLevelOptimized:_log_gripper_status:313 - 快速關閉成功
2025-07-22 22:32:28 [INFO] GripperHighLevelOptimized:smart_release:339 - PGC智能釋放到位置: 265
2025-07-22 22:32:28 [INFO] GripperHighLevelOptimized:_log_gripper_status:313 - 智能釋放成功
2025-07-22 22:32:36 [INFO] GripperHighLevelOptimized:quick_close:323 - PGC快速關閉: 300
2025-07-22 22:32:36 [INFO] GripperHighLevelOptimized:_log_gripper_status:313 - 快速關閉成功
2025-07-22 22:32:41 [INFO] GripperHighLevelOptimized:quick_close:323 - PGC快速關閉: 300
2025-07-22 22:32:41 [INFO] GripperHighLevelOptimized:_log_gripper_status:313 - 快速關閉成功
2025-07-22 22:32:46 [INFO] GripperHighLevelOptimized:smart_release:339 - PGC智能釋放到位置: 265
2025-07-22 22:32:46 [INFO] GripperHighLevelOptimized:_log_gripper_status:313 - 智能釋放成功
2025-07-22 22:32:52 [INFO] GripperHighLevelOptimized:quick_close:323 - PGC快速關閉: 300
2025-07-22 22:32:52 [INFO] GripperHighLevelOptimized:_log_gripper_status:313 - 快速關閉成功
2025-07-22 22:32:56 [INFO] GripperHighLevelOptimized:smart_release:339 - PGC智能釋放到位置: 265
2025-07-22 22:32:56 [INFO] GripperHighLevelOptimized:_log_gripper_status:313 - 智能釋放成功
2025-07-22 22:33:04 [INFO] GripperHighLevelOptimized:quick_close:323 - PGC快速關閉: 300
2025-07-22 22:33:04 [INFO] GripperHighLevelOptimized:_log_gripper_status:313 - 快速關閉成功
2025-07-22 22:33:43 [INFO] GripperHighLevelOptimized:disconnect:219 - Modbus TCP連接已斷開
2025-07-22 22:33:47 [INFO] GripperHighLevelOptimized:connect:182 - 正在連接Modbus TCP服務器: 127.0.0.1:502
2025-07-22 22:33:47 [INFO] GripperHighLevelOptimized:connect:192 - PGC夾爪Modbus連接成功
2025-07-22 22:33:47 [INFO] GripperHighLevelOptimized:initialize:469 - 開始初始化PGC夾爪
2025-07-22 22:34:02 [INFO] GripperHighLevelOptimized:quick_close:323 - PGC快速關閉: 0
2025-07-22 22:34:02 [INFO] GripperHighLevelOptimized:_log_gripper_status:313 - 快速關閉成功
2025-07-22 22:34:07 [INFO] GripperHighLevelOptimized:smart_release:339 - PGC智能釋放到位置: 265
2025-07-22 22:34:07 [INFO] GripperHighLevelOptimized:_log_gripper_status:313 - 智能釋放成功
2025-07-22 22:34:13 [INFO] GripperHighLevelOptimized:quick_close:323 - PGC快速關閉: 0
2025-07-22 22:34:13 [INFO] GripperHighLevelOptimized:_log_gripper_status:313 - 快速關閉成功
2025-07-22 22:34:17 [INFO] GripperHighLevelOptimized:smart_release:339 - PGC智能釋放到位置: 265
2025-07-22 22:34:17 [INFO] GripperHighLevelOptimized:_log_gripper_status:313 - 智能釋放成功
2025-07-22 22:34:27 [INFO] GripperHighLevelOptimized:quick_close:323 - PGC快速關閉: 0
2025-07-22 22:34:27 [INFO] GripperHighLevelOptimized:_log_gripper_status:313 - 快速關閉成功
2025-07-22 22:34:33 [INFO] GripperHighLevelOptimized:quick_close:323 - PGC快速關閉: 0
2025-07-22 22:34:33 [INFO] GripperHighLevelOptimized:_log_gripper_status:313 - 快速關閉成功
2025-07-22 22:34:37 [INFO] GripperHighLevelOptimized:smart_release:339 - PGC智能釋放到位置: 265
2025-07-22 22:34:37 [INFO] GripperHighLevelOptimized:_log_gripper_status:313 - 智能釋放成功
2025-07-22 22:34:44 [INFO] GripperHighLevelOptimized:quick_close:323 - PGC快速關閉: 0
2025-07-22 22:34:44 [INFO] GripperHighLevelOptimized:_log_gripper_status:313 - 快速關閉成功
2025-07-22 22:34:48 [INFO] GripperHighLevelOptimized:smart_release:339 - PGC智能釋放到位置: 265
2025-07-22 22:34:48 [INFO] GripperHighLevelOptimized:_log_gripper_status:313 - 智能釋放成功
2025-07-22 22:35:10 [INFO] GripperHighLevelOptimized:disconnect:219 - Modbus TCP連接已斷開
2025-07-22 22:36:19 [INFO] GripperHighLevelOptimized:connect:182 - 正在連接Modbus TCP服務器: 127.0.0.1:502
2025-07-22 22:36:19 [INFO] GripperHighLevelOptimized:connect:192 - PGC夾爪Modbus連接成功
2025-07-22 22:36:19 [INFO] GripperHighLevelOptimized:initialize:469 - 開始初始化PGC夾爪
2025-07-22 22:36:19 [INFO] GripperHighLevelOptimized:quick_close:323 - PGC快速關閉: 0
2025-07-22 22:36:21 [WARNING] GripperHighLevelOptimized:_wait_for_completion_optimized:443 - PGC動作完成等待超時 (超時時間: 2.0秒)
2025-07-22 22:36:21 [ERROR] GripperHighLevelOptimized:_log_gripper_status:311 - 快速關閉失敗 - 位置: 774, 夾持狀態: 0
2025-07-22 22:36:44 [INFO] GripperHighLevelOptimized:disconnect:219 - Modbus TCP連接已斷開
2025-07-22 22:36:48 [INFO] GripperHighLevelOptimized:connect:182 - 正在連接Modbus TCP服務器: 127.0.0.1:502
2025-07-22 22:36:48 [INFO] GripperHighLevelOptimized:connect:192 - PGC夾爪Modbus連接成功
2025-07-22 22:36:48 [INFO] GripperHighLevelOptimized:initialize:469 - 開始初始化PGC夾爪
2025-07-22 22:37:00 [INFO] GripperHighLevelOptimized:quick_close:323 - PGC快速關閉: 0
2025-07-22 22:37:00 [INFO] GripperHighLevelOptimized:_log_gripper_status:313 - 快速關閉成功
2025-07-22 22:37:02 [INFO] GripperHighLevelOptimized:smart_release:339 - PGC智能釋放到位置: 265
2025-07-22 22:37:02 [INFO] GripperHighLevelOptimized:_log_gripper_status:313 - 智能釋放成功
2025-07-22 22:37:05 [INFO] GripperHighLevelOptimized:quick_close:323 - PGC快速關閉: 0
2025-07-22 22:37:05 [INFO] GripperHighLevelOptimized:_log_gripper_status:313 - 快速關閉成功
2025-07-22 22:37:07 [INFO] GripperHighLevelOptimized:smart_release:339 - PGC智能釋放到位置: 265
2025-07-22 22:37:07 [INFO] GripperHighLevelOptimized:_log_gripper_status:313 - 智能釋放成功
2025-07-22 22:38:01 [INFO] GripperHighLevelOptimized:disconnect:219 - Modbus TCP連接已斷開
2025-07-22 22:38:06 [INFO] GripperHighLevelOptimized:connect:182 - 正在連接Modbus TCP服務器: 127.0.0.1:502
2025-07-22 22:38:06 [INFO] GripperHighLevelOptimized:connect:192 - PGC夾爪Modbus連接成功
2025-07-22 22:38:06 [INFO] GripperHighLevelOptimized:initialize:469 - 開始初始化PGC夾爪
2025-07-22 22:38:15 [INFO] GripperHighLevelOptimized:quick_close:323 - PGC快速關閉: 0
2025-07-22 22:38:15 [INFO] GripperHighLevelOptimized:_log_gripper_status:313 - 快速關閉成功
2025-07-22 22:38:18 [INFO] GripperHighLevelOptimized:quick_close:323 - PGC快速關閉: 0
2025-07-22 22:38:18 [INFO] GripperHighLevelOptimized:_log_gripper_status:313 - 快速關閉成功
2025-07-22 22:38:20 [INFO] GripperHighLevelOptimized:smart_release:339 - PGC智能釋放到位置: 265
2025-07-22 22:38:20 [INFO] GripperHighLevelOptimized:_log_gripper_status:313 - 智能釋放成功
2025-07-22 22:38:22 [INFO] GripperHighLevelOptimized:quick_close:323 - PGC快速關閉: 0
2025-07-22 22:38:22 [INFO] GripperHighLevelOptimized:_log_gripper_status:313 - 快速關閉成功
2025-07-22 22:38:24 [INFO] GripperHighLevelOptimized:smart_release:339 - PGC智能釋放到位置: 265
2025-07-22 22:38:24 [INFO] GripperHighLevelOptimized:_log_gripper_status:313 - 智能釋放成功
2025-07-22 22:38:42 [INFO] GripperHighLevelOptimized:disconnect:219 - Modbus TCP連接已斷開
2025-07-22 22:38:46 [INFO] GripperHighLevelOptimized:connect:182 - 正在連接Modbus TCP服務器: 127.0.0.1:502
2025-07-22 22:38:46 [INFO] GripperHighLevelOptimized:connect:192 - PGC夾爪Modbus連接成功
2025-07-22 22:38:46 [INFO] GripperHighLevelOptimized:initialize:469 - 開始初始化PGC夾爪
2025-07-22 22:38:53 [INFO] GripperHighLevelOptimized:quick_close:323 - PGC快速關閉: 0
2025-07-22 22:38:53 [INFO] GripperHighLevelOptimized:_log_gripper_status:313 - 快速關閉成功
2025-07-22 22:38:56 [INFO] GripperHighLevelOptimized:quick_close:323 - PGC快速關閉: 0
2025-07-22 22:38:56 [INFO] GripperHighLevelOptimized:_log_gripper_status:313 - 快速關閉成功
2025-07-22 22:38:58 [INFO] GripperHighLevelOptimized:smart_release:339 - PGC智能釋放到位置: 265
2025-07-22 22:38:58 [INFO] GripperHighLevelOptimized:_log_gripper_status:313 - 智能釋放成功
2025-07-22 22:39:01 [INFO] GripperHighLevelOptimized:quick_close:323 - PGC快速關閉: 0
2025-07-22 22:39:01 [INFO] GripperHighLevelOptimized:_log_gripper_status:313 - 快速關閉成功
2025-07-22 22:39:03 [INFO] GripperHighLevelOptimized:smart_release:339 - PGC智能釋放到位置: 265
2025-07-22 22:39:03 [INFO] GripperHighLevelOptimized:_log_gripper_status:313 - 智能釋放成功
2025-07-22 22:39:15 [INFO] GripperHighLevelOptimized:quick_close:323 - PGC快速關閉: 0
2025-07-22 22:39:15 [INFO] GripperHighLevelOptimized:_log_gripper_status:313 - 快速關閉成功
2025-07-22 22:39:18 [INFO] GripperHighLevelOptimized:quick_close:323 - PGC快速關閉: 0
2025-07-22 22:39:18 [INFO] GripperHighLevelOptimized:_log_gripper_status:313 - 快速關閉成功
2025-07-22 22:39:20 [INFO] GripperHighLevelOptimized:smart_release:339 - PGC智能釋放到位置: 265
2025-07-22 22:39:20 [INFO] GripperHighLevelOptimized:_log_gripper_status:313 - 智能釋放成功
2025-07-22 22:39:22 [INFO] GripperHighLevelOptimized:quick_close:323 - PGC快速關閉: 0
2025-07-22 22:39:22 [INFO] GripperHighLevelOptimized:_log_gripper_status:313 - 快速關閉成功
2025-07-22 22:39:25 [INFO] GripperHighLevelOptimized:smart_release:339 - PGC智能釋放到位置: 265
2025-07-22 22:39:25 [INFO] GripperHighLevelOptimized:_log_gripper_status:313 - 智能釋放成功
2025-07-22 22:39:27 [INFO] GripperHighLevelOptimized:quick_close:323 - PGC快速關閉: 0
2025-07-22 22:39:27 [INFO] GripperHighLevelOptimized:_log_gripper_status:313 - 快速關閉成功
2025-07-22 23:16:04 [INFO] GripperHighLevelOptimized:disconnect:219 - Modbus TCP連接已斷開
2025-07-22 23:16:08 [INFO] GripperHighLevelOptimized:connect:182 - 正在連接Modbus TCP服務器: 127.0.0.1:502
2025-07-22 23:16:08 [INFO] GripperHighLevelOptimized:connect:192 - PGC夾爪Modbus連接成功
2025-07-22 23:16:08 [INFO] GripperHighLevelOptimized:initialize:469 - 開始初始化PGC夾爪
2025-07-22 23:16:18 [INFO] GripperHighLevelOptimized:quick_close:323 - PGC快速關閉: 0
2025-07-22 23:16:18 [INFO] GripperHighLevelOptimized:_log_gripper_status:313 - 快速關閉成功
2025-07-22 23:16:21 [INFO] GripperHighLevelOptimized:smart_release:339 - PGC智能釋放到位置: 265
2025-07-22 23:16:21 [INFO] GripperHighLevelOptimized:_log_gripper_status:313 - 智能釋放成功
2025-07-22 23:16:23 [INFO] GripperHighLevelOptimized:quick_close:323 - PGC快速關閉: 0
2025-07-22 23:16:23 [INFO] GripperHighLevelOptimized:_log_gripper_status:313 - 快速關閉成功
2025-07-22 23:16:25 [INFO] GripperHighLevelOptimized:smart_release:339 - PGC智能釋放到位置: 265
2025-07-22 23:16:25 [INFO] GripperHighLevelOptimized:_log_gripper_status:313 - 智能釋放成功
2025-07-22 23:17:57 [INFO] GripperHighLevelOptimized:quick_close:323 - PGC快速關閉: 0
2025-07-22 23:17:57 [INFO] GripperHighLevelOptimized:_log_gripper_status:313 - 快速關閉成功
2025-07-22 23:18:00 [INFO] GripperHighLevelOptimized:quick_close:323 - PGC快速關閉: 0
2025-07-22 23:18:00 [INFO] GripperHighLevelOptimized:_log_gripper_status:313 - 快速關閉成功
2025-07-22 23:18:02 [INFO] GripperHighLevelOptimized:smart_release:339 - PGC智能釋放到位置: 265
2025-07-22 23:18:02 [INFO] GripperHighLevelOptimized:_log_gripper_status:313 - 智能釋放成功
2025-07-22 23:18:04 [INFO] GripperHighLevelOptimized:quick_close:323 - PGC快速關閉: 0
2025-07-22 23:18:04 [INFO] GripperHighLevelOptimized:_log_gripper_status:313 - 快速關閉成功
2025-07-22 23:18:07 [INFO] GripperHighLevelOptimized:smart_release:339 - PGC智能釋放到位置: 265
2025-07-22 23:18:07 [INFO] GripperHighLevelOptimized:_log_gripper_status:313 - 智能釋放成功
2025-07-22 23:18:09 [INFO] GripperHighLevelOptimized:quick_close:323 - PGC快速關閉: 0
2025-07-22 23:18:09 [INFO] GripperHighLevelOptimized:_log_gripper_status:313 - 快速關閉成功
2025-07-23 09:24:38 [INFO] GripperHighLevelOptimized:connect:182 - 正在連接Modbus TCP服務器: 127.0.0.1:502
2025-07-23 09:24:38 [INFO] GripperHighLevelOptimized:connect:192 - PGC夾爪Modbus連接成功
2025-07-23 09:24:38 [INFO] GripperHighLevelOptimized:initialize:469 - 開始初始化PGC夾爪
2025-07-23 09:26:50 [INFO] GripperHighLevelOptimized:quick_close:323 - PGC快速關閉: 0
2025-07-23 09:26:52 [WARNING] GripperHighLevelOptimized:_wait_for_completion_optimized:443 - PGC動作完成等待超時 (超時時間: 2.0秒)
2025-07-23 09:26:52 [ERROR] GripperHighLevelOptimized:_log_gripper_status:311 - 快速關閉失敗 - 位置: 0, 夾持狀態: 0
2025-07-23 09:28:31 [INFO] GripperHighLevelOptimized:disconnect:219 - Modbus TCP連接已斷開
2025-07-23 09:28:45 [INFO] GripperHighLevelOptimized:connect:182 - 正在連接Modbus TCP服務器: 127.0.0.1:502
2025-07-23 09:28:45 [INFO] GripperHighLevelOptimized:connect:192 - PGC夾爪Modbus連接成功
2025-07-23 09:28:45 [INFO] GripperHighLevelOptimized:initialize:469 - 開始初始化PGC夾爪
2025-07-23 09:29:00 [INFO] GripperHighLevelOptimized:quick_close:323 - PGC快速關閉: 0
2025-07-23 09:29:02 [WARNING] GripperHighLevelOptimized:_wait_for_completion_optimized:443 - PGC動作完成等待超時 (超時時間: 2.0秒)
2025-07-23 09:29:02 [ERROR] GripperHighLevelOptimized:_log_gripper_status:311 - 快速關閉失敗 - 位置: 0, 夾持狀態: 0
2025-07-23 09:29:33 [INFO] GripperHighLevelOptimized:disconnect:219 - Modbus TCP連接已斷開
2025-07-23 09:33:15 [INFO] GripperHighLevelOptimized:connect:182 - 正在連接Modbus TCP服務器: 127.0.0.1:502
2025-07-23 09:33:15 [INFO] GripperHighLevelOptimized:connect:192 - PGC夾爪Modbus連接成功
2025-07-23 09:33:15 [INFO] GripperHighLevelOptimized:initialize:469 - 開始初始化PGC夾爪
2025-07-23 09:33:15 [INFO] GripperHighLevelOptimized:quick_close:323 - PGC快速關閉: 0
2025-07-23 09:33:15 [INFO] GripperHighLevelOptimized:_log_gripper_status:313 - 快速關閉成功
2025-07-23 09:33:18 [INFO] GripperHighLevelOptimized:smart_release:339 - PGC智能釋放到位置: 265
2025-07-23 09:33:18 [INFO] GripperHighLevelOptimized:_log_gripper_status:313 - 智能釋放成功
2025-07-23 09:33:20 [INFO] GripperHighLevelOptimized:quick_close:323 - PGC快速關閉: 0
2025-07-23 09:33:20 [INFO] GripperHighLevelOptimized:_log_gripper_status:313 - 快速關閉成功
2025-07-23 09:33:22 [INFO] GripperHighLevelOptimized:smart_release:339 - PGC智能釋放到位置: 265
2025-07-23 09:33:22 [INFO] GripperHighLevelOptimized:_log_gripper_status:313 - 智能釋放成功
2025-07-23 09:33:40 [INFO] GripperHighLevelOptimized:quick_close:323 - PGC快速關閉: 0
2025-07-23 09:33:40 [INFO] GripperHighLevelOptimized:_log_gripper_status:313 - 快速關閉成功
2025-07-23 09:33:43 [INFO] GripperHighLevelOptimized:quick_close:323 - PGC快速關閉: 0
2025-07-23 09:33:43 [INFO] GripperHighLevelOptimized:_log_gripper_status:313 - 快速關閉成功
2025-07-23 09:33:45 [INFO] GripperHighLevelOptimized:smart_release:339 - PGC智能釋放到位置: 265
2025-07-23 09:33:45 [INFO] GripperHighLevelOptimized:_log_gripper_status:313 - 智能釋放成功
2025-07-23 09:33:48 [INFO] GripperHighLevelOptimized:quick_close:323 - PGC快速關閉: 0
2025-07-23 09:33:48 [INFO] GripperHighLevelOptimized:_log_gripper_status:313 - 快速關閉成功
2025-07-23 09:33:50 [INFO] GripperHighLevelOptimized:smart_release:339 - PGC智能釋放到位置: 265
2025-07-23 09:33:50 [INFO] GripperHighLevelOptimized:_log_gripper_status:313 - 智能釋放成功
2025-07-23 09:34:03 [INFO] GripperHighLevelOptimized:quick_close:323 - PGC快速關閉: 0
2025-07-23 09:34:03 [INFO] GripperHighLevelOptimized:_log_gripper_status:313 - 快速關閉成功
2025-07-23 09:34:05 [INFO] GripperHighLevelOptimized:quick_close:323 - PGC快速關閉: 0
2025-07-23 09:34:05 [INFO] GripperHighLevelOptimized:_log_gripper_status:313 - 快速關閉成功
2025-07-23 09:34:07 [INFO] GripperHighLevelOptimized:smart_release:339 - PGC智能釋放到位置: 265
2025-07-23 09:34:07 [INFO] GripperHighLevelOptimized:_log_gripper_status:313 - 智能釋放成功
2025-07-23 09:34:10 [INFO] GripperHighLevelOptimized:quick_close:323 - PGC快速關閉: 0
2025-07-23 09:34:10 [INFO] GripperHighLevelOptimized:_log_gripper_status:313 - 快速關閉成功
2025-07-23 09:34:12 [INFO] GripperHighLevelOptimized:smart_release:339 - PGC智能釋放到位置: 265
2025-07-23 09:34:12 [INFO] GripperHighLevelOptimized:_log_gripper_status:313 - 智能釋放成功
2025-07-23 09:44:11 [INFO] GripperHighLevelOptimized:quick_close:323 - PGC快速關閉: 0
2025-07-23 09:44:11 [INFO] GripperHighLevelOptimized:_log_gripper_status:313 - 快速關閉成功
2025-07-23 09:44:13 [INFO] GripperHighLevelOptimized:quick_close:323 - PGC快速關閉: 0
2025-07-23 09:44:13 [INFO] GripperHighLevelOptimized:_log_gripper_status:313 - 快速關閉成功
2025-07-23 09:44:16 [INFO] GripperHighLevelOptimized:smart_release:339 - PGC智能釋放到位置: 265
2025-07-23 09:44:16 [INFO] GripperHighLevelOptimized:_log_gripper_status:313 - 智能釋放成功
2025-07-23 09:44:18 [INFO] GripperHighLevelOptimized:quick_close:323 - PGC快速關閉: 0
2025-07-23 09:44:18 [INFO] GripperHighLevelOptimized:_log_gripper_status:313 - 快速關閉成功
2025-07-23 09:44:20 [INFO] GripperHighLevelOptimized:smart_release:339 - PGC智能釋放到位置: 265
2025-07-23 09:44:20 [INFO] GripperHighLevelOptimized:_log_gripper_status:313 - 智能釋放成功
2025-07-23 09:47:03 [INFO] GripperHighLevelOptimized:quick_close:323 - PGC快速關閉: 0
2025-07-23 09:47:03 [INFO] GripperHighLevelOptimized:_log_gripper_status:313 - 快速關閉成功
2025-07-23 09:47:06 [INFO] GripperHighLevelOptimized:quick_close:323 - PGC快速關閉: 0
2025-07-23 09:47:06 [INFO] GripperHighLevelOptimized:_log_gripper_status:313 - 快速關閉成功
2025-07-23 09:47:08 [INFO] GripperHighLevelOptimized:smart_release:339 - PGC智能釋放到位置: 265
2025-07-23 09:47:08 [INFO] GripperHighLevelOptimized:_log_gripper_status:313 - 智能釋放成功
2025-07-23 09:47:10 [INFO] GripperHighLevelOptimized:quick_close:323 - PGC快速關閉: 0
2025-07-23 09:47:10 [INFO] GripperHighLevelOptimized:_log_gripper_status:313 - 快速關閉成功
2025-07-23 09:47:12 [INFO] GripperHighLevelOptimized:smart_release:339 - PGC智能釋放到位置: 265
2025-07-23 09:47:12 [INFO] GripperHighLevelOptimized:_log_gripper_status:313 - 智能釋放成功
2025-07-23 09:47:54 [INFO] GripperHighLevelOptimized:quick_close:323 - PGC快速關閉: 0
2025-07-23 09:47:54 [INFO] GripperHighLevelOptimized:_log_gripper_status:313 - 快速關閉成功
2025-07-23 09:47:56 [INFO] GripperHighLevelOptimized:quick_close:323 - PGC快速關閉: 0
2025-07-23 09:47:56 [INFO] GripperHighLevelOptimized:_log_gripper_status:313 - 快速關閉成功
2025-07-23 09:47:59 [INFO] GripperHighLevelOptimized:smart_release:339 - PGC智能釋放到位置: 265
2025-07-23 09:47:59 [INFO] GripperHighLevelOptimized:_log_gripper_status:313 - 智能釋放成功
2025-07-23 09:48:01 [INFO] GripperHighLevelOptimized:quick_close:323 - PGC快速關閉: 0
2025-07-23 09:48:01 [INFO] GripperHighLevelOptimized:_log_gripper_status:313 - 快速關閉成功
2025-07-23 09:48:03 [INFO] GripperHighLevelOptimized:smart_release:339 - PGC智能釋放到位置: 265
2025-07-23 09:48:03 [INFO] GripperHighLevelOptimized:_log_gripper_status:313 - 智能釋放成功
2025-07-23 09:48:06 [INFO] GripperHighLevelOptimized:quick_close:323 - PGC快速關閉: 0
2025-07-23 09:48:06 [INFO] GripperHighLevelOptimized:_log_gripper_status:313 - 快速關閉成功
2025-07-23 09:51:03 [INFO] GripperHighLevelOptimized:disconnect:219 - Modbus TCP連接已斷開
2025-07-23 09:57:05 [INFO] GripperHighLevelOptimized:connect:182 - 正在連接Modbus TCP服務器: 127.0.0.1:502
2025-07-23 09:57:05 [INFO] GripperHighLevelOptimized:connect:192 - PGC夾爪Modbus連接成功
2025-07-23 09:57:05 [INFO] GripperHighLevelOptimized:initialize:469 - 開始初始化PGC夾爪
2025-07-23 09:57:51 [INFO] GripperHighLevelOptimized:quick_close:323 - PGC快速關閉: 0
2025-07-23 09:57:51 [INFO] GripperHighLevelOptimized:_log_gripper_status:313 - 快速關閉成功
2025-07-23 09:57:53 [INFO] GripperHighLevelOptimized:smart_release:339 - PGC智能釋放到位置: 265
2025-07-23 09:57:53 [INFO] GripperHighLevelOptimized:_log_gripper_status:313 - 智能釋放成功
2025-07-23 09:57:56 [INFO] GripperHighLevelOptimized:quick_close:323 - PGC快速關閉: 0
2025-07-23 09:57:56 [INFO] GripperHighLevelOptimized:_log_gripper_status:313 - 快速關閉成功
2025-07-23 09:57:58 [INFO] GripperHighLevelOptimized:smart_release:339 - PGC智能釋放到位置: 265
2025-07-23 09:57:58 [INFO] GripperHighLevelOptimized:_log_gripper_status:313 - 智能釋放成功
2025-07-23 10:05:55 [INFO] GripperHighLevelOptimized:quick_close:323 - PGC快速關閉: 0
2025-07-23 10:05:55 [INFO] GripperHighLevelOptimized:_log_gripper_status:313 - 快速關閉成功
2025-07-23 10:05:57 [INFO] GripperHighLevelOptimized:quick_close:323 - PGC快速關閉: 0
2025-07-23 10:05:57 [INFO] GripperHighLevelOptimized:_log_gripper_status:313 - 快速關閉成功
2025-07-23 10:05:59 [INFO] GripperHighLevelOptimized:smart_release:339 - PGC智能釋放到位置: 265
2025-07-23 10:05:59 [INFO] GripperHighLevelOptimized:_log_gripper_status:313 - 智能釋放成功
2025-07-23 10:06:02 [INFO] GripperHighLevelOptimized:quick_close:323 - PGC快速關閉: 0
2025-07-23 10:06:02 [INFO] GripperHighLevelOptimized:_log_gripper_status:313 - 快速關閉成功
2025-07-23 10:06:04 [INFO] GripperHighLevelOptimized:smart_release:339 - PGC智能釋放到位置: 265
2025-07-23 10:06:04 [INFO] GripperHighLevelOptimized:_log_gripper_status:313 - 智能釋放成功
2025-07-23 10:06:21 [INFO] GripperHighLevelOptimized:quick_close:323 - PGC快速關閉: 0
2025-07-23 10:06:21 [INFO] GripperHighLevelOptimized:_log_gripper_status:313 - 快速關閉成功
2025-07-23 10:06:23 [INFO] GripperHighLevelOptimized:quick_close:323 - PGC快速關閉: 0
2025-07-23 10:06:23 [INFO] GripperHighLevelOptimized:_log_gripper_status:313 - 快速關閉成功
2025-07-23 10:06:25 [INFO] GripperHighLevelOptimized:smart_release:339 - PGC智能釋放到位置: 265
2025-07-23 10:06:25 [INFO] GripperHighLevelOptimized:_log_gripper_status:313 - 智能釋放成功
2025-07-23 10:06:28 [INFO] GripperHighLevelOptimized:quick_close:323 - PGC快速關閉: 0
2025-07-23 10:06:28 [INFO] GripperHighLevelOptimized:_log_gripper_status:313 - 快速關閉成功
2025-07-23 10:06:30 [INFO] GripperHighLevelOptimized:smart_release:339 - PGC智能釋放到位置: 265
2025-07-23 10:06:30 [INFO] GripperHighLevelOptimized:_log_gripper_status:313 - 智能釋放成功
2025-07-23 10:06:42 [INFO] GripperHighLevelOptimized:quick_close:323 - PGC快速關閉: 0
2025-07-23 10:06:42 [INFO] GripperHighLevelOptimized:_log_gripper_status:313 - 快速關閉成功
2025-07-23 10:06:44 [INFO] GripperHighLevelOptimized:quick_close:323 - PGC快速關閉: 0
2025-07-23 10:06:44 [INFO] GripperHighLevelOptimized:_log_gripper_status:313 - 快速關閉成功
2025-07-23 10:06:46 [INFO] GripperHighLevelOptimized:smart_release:339 - PGC智能釋放到位置: 265
2025-07-23 10:06:46 [INFO] GripperHighLevelOptimized:_log_gripper_status:313 - 智能釋放成功
2025-07-23 10:06:49 [INFO] GripperHighLevelOptimized:quick_close:323 - PGC快速關閉: 0
2025-07-23 10:06:49 [INFO] GripperHighLevelOptimized:_log_gripper_status:313 - 快速關閉成功
2025-07-23 10:06:51 [INFO] GripperHighLevelOptimized:smart_release:339 - PGC智能釋放到位置: 265
2025-07-23 10:06:51 [INFO] GripperHighLevelOptimized:_log_gripper_status:313 - 智能釋放成功
2025-07-23 10:06:53 [INFO] GripperHighLevelOptimized:quick_close:323 - PGC快速關閉: 0
2025-07-23 10:06:53 [INFO] GripperHighLevelOptimized:_log_gripper_status:313 - 快速關閉成功
2025-07-23 10:17:24 [INFO] GripperHighLevelOptimized:disconnect:219 - Modbus TCP連接已斷開
